{"/Users/phamthikhanhnhi/Desktop/Project9-billapp/Billed-app-FR-Front/src/constants/routes.js": {"path":"/Users/phamthikhanhnhi/Desktop/Project9-billapp/Billed-app-FR-Front/src/constants/routes.js","statementMap":{"0":{"start":{"line":6,"column":27},"end":{"line":11,"column":1}},"1":{"start":{"line":13,"column":22},"end":{"line":26,"column":1}},"2":{"start":{"line":14,"column":2},"end":{"line":25,"column":3}},"3":{"start":{"line":16,"column":6},"end":{"line":16,"column":46}},"4":{"start":{"line":18,"column":6},"end":{"line":18,"column":46}},"5":{"start":{"line":20,"column":6},"end":{"line":20,"column":24}},"6":{"start":{"line":22,"column":6},"end":{"line":22,"column":50}},"7":{"start":{"line":24,"column":6},"end":{"line":24,"column":46}}},"fnMap":{"0":{"name":"(anonymous_0)","decl":{"start":{"line":13,"column":22},"end":{"line":13,"column":23}},"loc":{"start":{"line":13,"column":62},"end":{"line":26,"column":1}},"line":13}},"branchMap":{"0":{"loc":{"start":{"line":14,"column":2},"end":{"line":25,"column":3}},"type":"switch","locations":[{"start":{"line":15,"column":4},"end":{"line":16,"column":46}},{"start":{"line":17,"column":4},"end":{"line":18,"column":46}},{"start":{"line":19,"column":4},"end":{"line":20,"column":24}},{"start":{"line":21,"column":4},"end":{"line":22,"column":50}},{"start":{"line":23,"column":4},"end":{"line":24,"column":46}}],"line":14}},"s":{"0":6,"1":6,"2":58,"3":13,"4":23,"5":5,"6":16,"7":1},"f":{"0":58},"b":{"0":[13,23,5,16,1]},"_coverageSchema":"1a1c01bbd47fc00a2c39e90264f33305004495a9","hash":"284cd0d646b9a000684442e25790b3931373f928"}
,"/Users/phamthikhanhnhi/Desktop/Project9-billapp/Billed-app-FR-Front/src/constants/usersTest.js": {"path":"/Users/phamthikhanhnhi/Desktop/Project9-billapp/Billed-app-FR-Front/src/constants/usersTest.js","statementMap":{},"fnMap":{},"branchMap":{},"s":{},"f":{},"b":{},"_coverageSchema":"1a1c01bbd47fc00a2c39e90264f33305004495a9","hash":"3bbce7cba73adb298119642e9469046a5d926a2f"}
,"/Users/phamthikhanhnhi/Desktop/Project9-billapp/Billed-app-FR-Front/src/containers/Bills.js": {"path":"/Users/phamthikhanhnhi/Desktop/Project9-billapp/Billed-app-FR-Front/src/containers/Bills.js","statementMap":{"0":{"start":{"line":7,"column":2},"end":{"line":7,"column":27}},"1":{"start":{"line":8,"column":2},"end":{"line":8,"column":31}},"2":{"start":{"line":9,"column":2},"end":{"line":9,"column":21}},"3":{"start":{"line":11,"column":24},"end":{"line":13,"column":3}},"4":{"start":{"line":15,"column":2},"end":{"line":16,"column":68}},"5":{"start":{"line":16,"column":3},"end":{"line":16,"column":68}},"6":{"start":{"line":17,"column":18},"end":{"line":19,"column":3}},"7":{"start":{"line":21,"column":2},"end":{"line":26,"column":6}},"8":{"start":{"line":22,"column":3},"end":{"line":26,"column":6}},"9":{"start":{"line":23,"column":4},"end":{"line":25,"column":6}},"10":{"start":{"line":24,"column":5},"end":{"line":24,"column":34}},"11":{"start":{"line":27,"column":2},"end":{"line":27,"column":53}},"12":{"start":{"line":30,"column":22},"end":{"line":32,"column":2}},"13":{"start":{"line":31,"column":2},"end":{"line":31,"column":42}},"14":{"start":{"line":34,"column":22},"end":{"line":44,"column":2}},"15":{"start":{"line":35,"column":18},"end":{"line":35,"column":52}},"16":{"start":{"line":36,"column":19},"end":{"line":36,"column":61}},"17":{"start":{"line":37,"column":2},"end":{"line":41,"column":5}},"18":{"start":{"line":42,"column":2},"end":{"line":43,"column":34}},"19":{"start":{"line":43,"column":3},"end":{"line":43,"column":34}}},"fnMap":{"0":{"name":"(anonymous_0)","decl":{"start":{"line":6,"column":1},"end":{"line":6,"column":2}},"loc":{"start":{"line":6,"column":60},"end":{"line":28,"column":2}},"line":6},"1":{"name":"(anonymous_1)","decl":{"start":{"line":22,"column":19},"end":{"line":22,"column":20}},"loc":{"start":{"line":22,"column":29},"end":{"line":26,"column":4}},"line":22},"2":{"name":"(anonymous_2)","decl":{"start":{"line":23,"column":35},"end":{"line":23,"column":36}},"loc":{"start":{"line":24,"column":5},"end":{"line":24,"column":34}},"line":24},"3":{"name":"(anonymous_3)","decl":{"start":{"line":30,"column":22},"end":{"line":30,"column":23}},"loc":{"start":{"line":30,"column":28},"end":{"line":32,"column":2}},"line":30},"4":{"name":"(anonymous_4)","decl":{"start":{"line":34,"column":22},"end":{"line":34,"column":23}},"loc":{"start":{"line":34,"column":32},"end":{"line":44,"column":2}},"line":34}},"branchMap":{"0":{"loc":{"start":{"line":15,"column":2},"end":{"line":16,"column":68}},"type":"if","locations":[{"start":{"line":15,"column":2},"end":{"line":16,"column":68}},{"start":{},"end":{}}],"line":15},"1":{"loc":{"start":{"line":21,"column":2},"end":{"line":26,"column":6}},"type":"if","locations":[{"start":{"line":21,"column":2},"end":{"line":26,"column":6}},{"start":{},"end":{}}],"line":21},"2":{"loc":{"start":{"line":42,"column":2},"end":{"line":43,"column":34}},"type":"if","locations":[{"start":{"line":42,"column":2},"end":{"line":43,"column":34}},{"start":{},"end":{}}],"line":42}},"s":{"0":10,"1":10,"2":10,"3":10,"4":10,"5":7,"6":10,"7":10,"8":10,"9":8,"10":1,"11":10,"12":10,"13":1,"14":10,"15":1,"16":1,"17":1,"18":1,"19":0},"f":{"0":10,"1":8,"2":1,"3":1,"4":1},"b":{"0":[7,3],"1":[10,0],"2":[0,1]},"_coverageSchema":"1a1c01bbd47fc00a2c39e90264f33305004495a9","hash":"8f1e32bedcbc89c366932fb651a880423ff7de63"}
,"/Users/phamthikhanhnhi/Desktop/Project9-billapp/Billed-app-FR-Front/src/containers/Dashboard.js": {"path":"/Users/phamthikhanhnhi/Desktop/Project9-billapp/Billed-app-FR-Front/src/containers/Dashboard.js","statementMap":{"0":{"start":{"line":8,"column":29},"end":{"line":29,"column":1}},"1":{"start":{"line":9,"column":1},"end":{"line":28,"column":7}},"2":{"start":{"line":13,"column":4},"end":{"line":24,"column":5}},"3":{"start":{"line":14,"column":5},"end":{"line":14,"column":46}},"4":{"start":{"line":21,"column":5},"end":{"line":23,"column":55}},"5":{"start":{"line":26,"column":4},"end":{"line":26,"column":27}},"6":{"start":{"line":31,"column":20},"end":{"line":56,"column":1}},"7":{"start":{"line":32,"column":27},"end":{"line":32,"column":51}},"8":{"start":{"line":33,"column":19},"end":{"line":35,"column":6}},"9":{"start":{"line":36,"column":18},"end":{"line":38,"column":21}},"10":{"start":{"line":40,"column":1},"end":{"line":55,"column":4}},"11":{"start":{"line":58,"column":21},"end":{"line":62,"column":1}},"12":{"start":{"line":59,"column":1},"end":{"line":61,"column":7}},"13":{"start":{"line":60,"column":24},"end":{"line":60,"column":34}},"14":{"start":{"line":64,"column":25},"end":{"line":73,"column":1}},"15":{"start":{"line":65,"column":1},"end":{"line":72,"column":2}},"16":{"start":{"line":67,"column":3},"end":{"line":67,"column":20}},"17":{"start":{"line":69,"column":3},"end":{"line":69,"column":21}},"18":{"start":{"line":71,"column":3},"end":{"line":71,"column":20}},"19":{"start":{"line":77,"column":2},"end":{"line":77,"column":27}},"20":{"start":{"line":78,"column":2},"end":{"line":78,"column":31}},"21":{"start":{"line":79,"column":2},"end":{"line":79,"column":21}},"22":{"start":{"line":80,"column":2},"end":{"line":80,"column":19}},"23":{"start":{"line":81,"column":2},"end":{"line":81,"column":23}},"24":{"start":{"line":82,"column":2},"end":{"line":82,"column":70}},"25":{"start":{"line":82,"column":33},"end":{"line":82,"column":68}},"26":{"start":{"line":83,"column":2},"end":{"line":83,"column":70}},"27":{"start":{"line":83,"column":33},"end":{"line":83,"column":68}},"28":{"start":{"line":84,"column":2},"end":{"line":84,"column":70}},"29":{"start":{"line":84,"column":33},"end":{"line":84,"column":68}},"30":{"start":{"line":85,"column":2},"end":{"line":85,"column":43}},"31":{"start":{"line":88,"column":22},"end":{"line":98,"column":2}},"32":{"start":{"line":89,"column":18},"end":{"line":89,"column":56}},"33":{"start":{"line":90,"column":19},"end":{"line":90,"column":67}},"34":{"start":{"line":91,"column":2},"end":{"line":95,"column":5}},"35":{"start":{"line":96,"column":2},"end":{"line":97,"column":40}},"36":{"start":{"line":97,"column":3},"end":{"line":97,"column":40}},"37":{"start":{"line":101,"column":2},"end":{"line":102,"column":24}},"38":{"start":{"line":102,"column":3},"end":{"line":102,"column":24}},"39":{"start":{"line":103,"column":2},"end":{"line":105,"column":3}},"40":{"start":{"line":104,"column":3},"end":{"line":104,"column":47}},"41":{"start":{"line":107,"column":2},"end":{"line":121,"column":3}},"42":{"start":{"line":108,"column":3},"end":{"line":110,"column":6}},"43":{"start":{"line":109,"column":4},"end":{"line":109,"column":58}},"44":{"start":{"line":111,"column":3},"end":{"line":111,"column":60}},"45":{"start":{"line":112,"column":3},"end":{"line":112,"column":67}},"46":{"start":{"line":113,"column":3},"end":{"line":113,"column":50}},"47":{"start":{"line":115,"column":3},"end":{"line":115,"column":60}},"48":{"start":{"line":117,"column":3},"end":{"line":119,"column":7}},"49":{"start":{"line":120,"column":3},"end":{"line":120,"column":50}},"50":{"start":{"line":122,"column":2},"end":{"line":122,"column":21}},"51":{"start":{"line":124,"column":2},"end":{"line":124,"column":50}},"52":{"start":{"line":125,"column":2},"end":{"line":125,"column":71}},"53":{"start":{"line":125,"column":37},"end":{"line":125,"column":69}},"54":{"start":{"line":126,"column":2},"end":{"line":126,"column":71}},"55":{"start":{"line":126,"column":37},"end":{"line":126,"column":69}},"56":{"start":{"line":129,"column":22},"end":{"line":137,"column":2}},"57":{"start":{"line":130,"column":18},"end":{"line":134,"column":3}},"58":{"start":{"line":135,"column":2},"end":{"line":135,"column":27}},"59":{"start":{"line":136,"column":2},"end":{"line":136,"column":44}},"60":{"start":{"line":139,"column":22},"end":{"line":147,"column":2}},"61":{"start":{"line":140,"column":18},"end":{"line":144,"column":3}},"62":{"start":{"line":145,"column":2},"end":{"line":145,"column":27}},"63":{"start":{"line":146,"column":2},"end":{"line":146,"column":44}},"64":{"start":{"line":150,"column":2},"end":{"line":152,"column":3}},"65":{"start":{"line":151,"column":3},"end":{"line":151,"column":20}},"66":{"start":{"line":154,"column":2},"end":{"line":155,"column":22}},"67":{"start":{"line":155,"column":3},"end":{"line":155,"column":22}},"68":{"start":{"line":156,"column":2},"end":{"line":166,"column":3}},"69":{"start":{"line":157,"column":3},"end":{"line":157,"column":68}},"70":{"start":{"line":158,"column":3},"end":{"line":160,"column":5}},"71":{"start":{"line":161,"column":3},"end":{"line":161,"column":18}},"72":{"start":{"line":163,"column":3},"end":{"line":163,"column":69}},"73":{"start":{"line":164,"column":3},"end":{"line":164,"column":54}},"74":{"start":{"line":165,"column":3},"end":{"line":165,"column":18}},"75":{"start":{"line":167,"column":2},"end":{"line":169,"column":5}},"76":{"start":{"line":168,"column":3},"end":{"line":168,"column":42}},"77":{"start":{"line":170,"column":2},"end":{"line":174,"column":5}},"78":{"start":{"line":171,"column":3},"end":{"line":173,"column":5}},"79":{"start":{"line":172,"column":4},"end":{"line":172,"column":41}},"80":{"start":{"line":176,"column":2},"end":{"line":176,"column":15}},"81":{"start":{"line":179,"column":20},"end":{"line":197,"column":2}},"82":{"start":{"line":180,"column":2},"end":{"line":196,"column":3}},"83":{"start":{"line":181,"column":3},"end":{"line":195,"column":7}},"84":{"start":{"line":185,"column":19},"end":{"line":190,"column":8}},"85":{"start":{"line":185,"column":42},"end":{"line":190,"column":6}},"86":{"start":{"line":191,"column":5},"end":{"line":191,"column":18}},"87":{"start":{"line":194,"column":5},"end":{"line":194,"column":17}}},"fnMap":{"0":{"name":"(anonymous_0)","decl":{"start":{"line":8,"column":29},"end":{"line":8,"column":30}},"loc":{"start":{"line":8,"column":47},"end":{"line":29,"column":1}},"line":8},"1":{"name":"(anonymous_1)","decl":{"start":{"line":10,"column":16},"end":{"line":10,"column":17}},"loc":{"start":{"line":10,"column":26},"end":{"line":27,"column":5}},"line":10},"2":{"name":"(anonymous_2)","decl":{"start":{"line":31,"column":20},"end":{"line":31,"column":21}},"loc":{"start":{"line":31,"column":30},"end":{"line":56,"column":1}},"line":31},"3":{"name":"(anonymous_3)","decl":{"start":{"line":58,"column":21},"end":{"line":58,"column":22}},"loc":{"start":{"line":58,"column":32},"end":{"line":62,"column":1}},"line":58},"4":{"name":"(anonymous_4)","decl":{"start":{"line":60,"column":14},"end":{"line":60,"column":15}},"loc":{"start":{"line":60,"column":24},"end":{"line":60,"column":34}},"line":60},"5":{"name":"(anonymous_5)","decl":{"start":{"line":64,"column":25},"end":{"line":64,"column":26}},"loc":{"start":{"line":64,"column":36},"end":{"line":73,"column":1}},"line":64},"6":{"name":"(anonymous_6)","decl":{"start":{"line":76,"column":1},"end":{"line":76,"column":2}},"loc":{"start":{"line":76,"column":67},"end":{"line":86,"column":2}},"line":76},"7":{"name":"(anonymous_7)","decl":{"start":{"line":82,"column":26},"end":{"line":82,"column":27}},"loc":{"start":{"line":82,"column":33},"end":{"line":82,"column":68}},"line":82},"8":{"name":"(anonymous_8)","decl":{"start":{"line":83,"column":26},"end":{"line":83,"column":27}},"loc":{"start":{"line":83,"column":33},"end":{"line":83,"column":68}},"line":83},"9":{"name":"(anonymous_9)","decl":{"start":{"line":84,"column":26},"end":{"line":84,"column":27}},"loc":{"start":{"line":84,"column":33},"end":{"line":84,"column":68}},"line":84},"10":{"name":"(anonymous_10)","decl":{"start":{"line":88,"column":22},"end":{"line":88,"column":23}},"loc":{"start":{"line":88,"column":28},"end":{"line":98,"column":2}},"line":88},"11":{"name":"(anonymous_11)","decl":{"start":{"line":100,"column":1},"end":{"line":100,"column":2}},"loc":{"start":{"line":100,"column":34},"end":{"line":127,"column":2}},"line":100},"12":{"name":"(anonymous_12)","decl":{"start":{"line":108,"column":17},"end":{"line":108,"column":18}},"loc":{"start":{"line":108,"column":24},"end":{"line":110,"column":4}},"line":108},"13":{"name":"(anonymous_13)","decl":{"start":{"line":125,"column":30},"end":{"line":125,"column":31}},"loc":{"start":{"line":125,"column":37},"end":{"line":125,"column":69}},"line":125},"14":{"name":"(anonymous_14)","decl":{"start":{"line":126,"column":30},"end":{"line":126,"column":31}},"loc":{"start":{"line":126,"column":37},"end":{"line":126,"column":69}},"line":126},"15":{"name":"(anonymous_15)","decl":{"start":{"line":129,"column":22},"end":{"line":129,"column":23}},"loc":{"start":{"line":129,"column":35},"end":{"line":137,"column":2}},"line":129},"16":{"name":"(anonymous_16)","decl":{"start":{"line":139,"column":22},"end":{"line":139,"column":23}},"loc":{"start":{"line":139,"column":35},"end":{"line":147,"column":2}},"line":139},"17":{"name":"(anonymous_17)","decl":{"start":{"line":149,"column":1},"end":{"line":149,"column":2}},"loc":{"start":{"line":149,"column":36},"end":{"line":177,"column":2}},"line":149},"18":{"name":"(anonymous_18)","decl":{"start":{"line":167,"column":16},"end":{"line":167,"column":17}},"loc":{"start":{"line":167,"column":26},"end":{"line":169,"column":3}},"line":167},"19":{"name":"(anonymous_19)","decl":{"start":{"line":170,"column":16},"end":{"line":170,"column":17}},"loc":{"start":{"line":170,"column":26},"end":{"line":174,"column":3}},"line":170},"20":{"name":"(anonymous_20)","decl":{"start":{"line":171,"column":35},"end":{"line":171,"column":36}},"loc":{"start":{"line":172,"column":4},"end":{"line":172,"column":41}},"line":172},"21":{"name":"(anonymous_21)","decl":{"start":{"line":179,"column":20},"end":{"line":179,"column":21}},"loc":{"start":{"line":179,"column":26},"end":{"line":197,"column":2}},"line":179},"22":{"name":"(anonymous_22)","decl":{"start":{"line":184,"column":10},"end":{"line":184,"column":11}},"loc":{"start":{"line":184,"column":24},"end":{"line":192,"column":5}},"line":184},"23":{"name":"(anonymous_23)","decl":{"start":{"line":185,"column":32},"end":{"line":185,"column":33}},"loc":{"start":{"line":185,"column":42},"end":{"line":190,"column":6}},"line":185},"24":{"name":"(anonymous_24)","decl":{"start":{"line":193,"column":11},"end":{"line":193,"column":12}},"loc":{"start":{"line":193,"column":22},"end":{"line":195,"column":5}},"line":193}},"branchMap":{"0":{"loc":{"start":{"line":9,"column":8},"end":{"line":28,"column":6}},"type":"cond-expr","locations":[{"start":{"line":10,"column":4},"end":{"line":27,"column":6}},{"start":{"line":28,"column":4},"end":{"line":28,"column":6}}],"line":9},"1":{"loc":{"start":{"line":9,"column":8},"end":{"line":9,"column":27}},"type":"binary-expr","locations":[{"start":{"line":9,"column":8},"end":{"line":9,"column":12}},{"start":{"line":9,"column":16},"end":{"line":9,"column":27}}],"line":9},"2":{"loc":{"start":{"line":13,"column":4},"end":{"line":24,"column":5}},"type":"if","locations":[{"start":{"line":13,"column":4},"end":{"line":24,"column":5}},{"start":{"line":15,"column":11},"end":{"line":24,"column":5}}],"line":13},"3":{"loc":{"start":{"line":22,"column":6},"end":{"line":23,"column":54}},"type":"binary-expr","locations":[{"start":{"line":22,"column":6},"end":{"line":22,"column":28}},{"start":{"line":23,"column":6},"end":{"line":23,"column":54}}],"line":22},"4":{"loc":{"start":{"line":33,"column":19},"end":{"line":35,"column":6}},"type":"cond-expr","locations":[{"start":{"line":34,"column":4},"end":{"line":34,"column":35}},{"start":{"line":35,"column":4},"end":{"line":35,"column":6}}],"line":33},"5":{"loc":{"start":{"line":36,"column":18},"end":{"line":38,"column":21}},"type":"cond-expr","locations":[{"start":{"line":37,"column":4},"end":{"line":37,"column":35}},{"start":{"line":38,"column":4},"end":{"line":38,"column":21}}],"line":36},"6":{"loc":{"start":{"line":59,"column":8},"end":{"line":61,"column":6}},"type":"cond-expr","locations":[{"start":{"line":60,"column":4},"end":{"line":60,"column":44}},{"start":{"line":61,"column":4},"end":{"line":61,"column":6}}],"line":59},"7":{"loc":{"start":{"line":59,"column":8},"end":{"line":59,"column":29}},"type":"binary-expr","locations":[{"start":{"line":59,"column":8},"end":{"line":59,"column":13}},{"start":{"line":59,"column":17},"end":{"line":59,"column":29}}],"line":59},"8":{"loc":{"start":{"line":65,"column":1},"end":{"line":72,"column":2}},"type":"switch","locations":[{"start":{"line":66,"column":2},"end":{"line":67,"column":20}},{"start":{"line":68,"column":2},"end":{"line":69,"column":21}},{"start":{"line":70,"column":2},"end":{"line":71,"column":20}}],"line":65},"9":{"loc":{"start":{"line":96,"column":2},"end":{"line":97,"column":40}},"type":"if","locations":[{"start":{"line":96,"column":2},"end":{"line":97,"column":40}},{"start":{},"end":{}}],"line":96},"10":{"loc":{"start":{"line":101,"column":2},"end":{"line":102,"column":24}},"type":"if","locations":[{"start":{"line":101,"column":2},"end":{"line":102,"column":24}},{"start":{},"end":{}}],"line":101},"11":{"loc":{"start":{"line":101,"column":6},"end":{"line":101,"column":55}},"type":"binary-expr","locations":[{"start":{"line":101,"column":6},"end":{"line":101,"column":32}},{"start":{"line":101,"column":36},"end":{"line":101,"column":55}}],"line":101},"12":{"loc":{"start":{"line":103,"column":2},"end":{"line":105,"column":3}},"type":"if","locations":[{"start":{"line":103,"column":2},"end":{"line":105,"column":3}},{"start":{},"end":{}}],"line":103},"13":{"loc":{"start":{"line":103,"column":6},"end":{"line":103,"column":50}},"type":"binary-expr","locations":[{"start":{"line":103,"column":6},"end":{"line":103,"column":27}},{"start":{"line":103,"column":31},"end":{"line":103,"column":50}}],"line":103},"14":{"loc":{"start":{"line":107,"column":2},"end":{"line":121,"column":3}},"type":"if","locations":[{"start":{"line":107,"column":2},"end":{"line":121,"column":3}},{"start":{"line":114,"column":9},"end":{"line":121,"column":3}}],"line":107},"15":{"loc":{"start":{"line":150,"column":2},"end":{"line":152,"column":3}},"type":"if","locations":[{"start":{"line":150,"column":2},"end":{"line":152,"column":3}},{"start":{},"end":{}}],"line":150},"16":{"loc":{"start":{"line":150,"column":6},"end":{"line":150,"column":56}},"type":"binary-expr","locations":[{"start":{"line":150,"column":6},"end":{"line":150,"column":32}},{"start":{"line":150,"column":36},"end":{"line":150,"column":56}}],"line":150},"17":{"loc":{"start":{"line":154,"column":2},"end":{"line":155,"column":22}},"type":"if","locations":[{"start":{"line":154,"column":2},"end":{"line":155,"column":22}},{"start":{},"end":{}}],"line":154},"18":{"loc":{"start":{"line":154,"column":6},"end":{"line":154,"column":54}},"type":"binary-expr","locations":[{"start":{"line":154,"column":6},"end":{"line":154,"column":30}},{"start":{"line":154,"column":34},"end":{"line":154,"column":54}}],"line":154},"19":{"loc":{"start":{"line":156,"column":2},"end":{"line":166,"column":3}},"type":"if","locations":[{"start":{"line":156,"column":2},"end":{"line":166,"column":3}},{"start":{"line":162,"column":9},"end":{"line":166,"column":3}}],"line":156},"20":{"loc":{"start":{"line":180,"column":2},"end":{"line":196,"column":3}},"type":"if","locations":[{"start":{"line":180,"column":2},"end":{"line":196,"column":3}},{"start":{},"end":{}}],"line":180}},"s":{"0":6,"1":44,"2":104,"3":104,"4":0,"5":104,"6":6,"7":6,"8":6,"9":6,"10":6,"11":6,"12":6,"13":6,"14":6,"15":5,"16":3,"17":1,"18":1,"19":15,"20":15,"21":15,"22":15,"23":15,"24":15,"25":0,"26":15,"27":0,"28":15,"29":0,"30":15,"31":15,"32":0,"33":0,"34":0,"35":0,"36":0,"37":2,"38":1,"39":2,"40":1,"41":2,"42":1,"43":4,"44":1,"45":1,"46":1,"47":1,"48":1,"49":1,"50":2,"51":2,"52":2,"53":0,"54":2,"55":0,"56":15,"57":1,"58":1,"59":1,"60":15,"61":1,"62":1,"63":1,"64":5,"65":5,"66":5,"67":5,"68":5,"69":5,"70":5,"71":5,"72":0,"73":0,"74":0,"75":5,"76":20,"77":5,"78":20,"79":2,"80":5,"81":15,"82":7,"83":7,"84":3,"85":12,"86":3,"87":4},"f":{"0":44,"1":104,"2":6,"3":6,"4":6,"5":5,"6":15,"7":0,"8":0,"9":0,"10":0,"11":2,"12":4,"13":0,"14":0,"15":1,"16":1,"17":5,"18":20,"19":20,"20":2,"21":7,"22":3,"23":12,"24":4},"b":{"0":[26,18],"1":[44,26],"2":[104,0],"3":[0,0],"4":[0,6],"5":[0,6],"6":[5,1],"7":[6,6],"8":[3,1,1],"9":[0,0],"10":[1,1],"11":[2,2],"12":[1,1],"13":[2,1],"14":[1,1],"15":[5,0],"16":[5,5],"17":[5,0],"18":[5,2],"19":[5,0],"20":[7,0]},"_coverageSchema":"1a1c01bbd47fc00a2c39e90264f33305004495a9","hash":"1b2421c4aaec72cd0751eafe3d9a24c9fb68de23"}
,"/Users/phamthikhanhnhi/Desktop/Project9-billapp/Billed-app-FR-Front/src/containers/Login.js": {"path":"/Users/phamthikhanhnhi/Desktop/Project9-billapp/Billed-app-FR-Front/src/containers/Login.js","statementMap":{"0":{"start":{"line":2,"column":31},"end":{"line":2,"column":33}},"1":{"start":{"line":13,"column":2},"end":{"line":13,"column":27}},"2":{"start":{"line":14,"column":2},"end":{"line":14,"column":35}},"3":{"start":{"line":15,"column":2},"end":{"line":15,"column":31}},"4":{"start":{"line":16,"column":2},"end":{"line":16,"column":45}},"5":{"start":{"line":17,"column":2},"end":{"line":17,"column":21}},"6":{"start":{"line":18,"column":23},"end":{"line":20,"column":3}},"7":{"start":{"line":21,"column":2},"end":{"line":21,"column":69}},"8":{"start":{"line":22,"column":20},"end":{"line":24,"column":3}},"9":{"start":{"line":25,"column":2},"end":{"line":25,"column":63}},"10":{"start":{"line":27,"column":24},"end":{"line":48,"column":2}},"11":{"start":{"line":28,"column":2},"end":{"line":28,"column":21}},"12":{"start":{"line":29,"column":15},"end":{"line":38,"column":3}},"13":{"start":{"line":39,"column":2},"end":{"line":39,"column":58}},"14":{"start":{"line":40,"column":2},"end":{"line":47,"column":6}},"15":{"start":{"line":41,"column":19},"end":{"line":41,"column":40}},"16":{"start":{"line":43,"column":4},"end":{"line":43,"column":42}},"17":{"start":{"line":44,"column":4},"end":{"line":44,"column":50}},"18":{"start":{"line":45,"column":4},"end":{"line":45,"column":47}},"19":{"start":{"line":46,"column":4},"end":{"line":46,"column":54}},"20":{"start":{"line":50,"column":21},"end":{"line":75,"column":2}},"21":{"start":{"line":51,"column":2},"end":{"line":51,"column":21}},"22":{"start":{"line":52,"column":15},"end":{"line":61,"column":3}},"23":{"start":{"line":62,"column":2},"end":{"line":62,"column":58}},"24":{"start":{"line":63,"column":2},"end":{"line":74,"column":6}},"25":{"start":{"line":65,"column":4},"end":{"line":65,"column":21}},"26":{"start":{"line":66,"column":4},"end":{"line":66,"column":44}},"27":{"start":{"line":67,"column":4},"end":{"line":67,"column":11}},"28":{"start":{"line":70,"column":4},"end":{"line":70,"column":46}},"29":{"start":{"line":71,"column":4},"end":{"line":71,"column":54}},"30":{"start":{"line":72,"column":4},"end":{"line":72,"column":47}},"31":{"start":{"line":73,"column":4},"end":{"line":73,"column":49}},"32":{"start":{"line":78,"column":9},"end":{"line":93,"column":2}},"33":{"start":{"line":79,"column":2},"end":{"line":92,"column":3}},"34":{"start":{"line":80,"column":3},"end":{"line":89,"column":7}},"35":{"start":{"line":88,"column":5},"end":{"line":88,"column":38}},"36":{"start":{"line":91,"column":3},"end":{"line":91,"column":15}},"37":{"start":{"line":96,"column":14},"end":{"line":115,"column":2}},"38":{"start":{"line":97,"column":2},"end":{"line":114,"column":3}},"39":{"start":{"line":98,"column":3},"end":{"line":111,"column":7}},"40":{"start":{"line":109,"column":5},"end":{"line":109,"column":55}},"41":{"start":{"line":110,"column":5},"end":{"line":110,"column":29}},"42":{"start":{"line":113,"column":3},"end":{"line":113,"column":15}}},"fnMap":{"0":{"name":"(anonymous_0)","decl":{"start":{"line":6,"column":1},"end":{"line":6,"column":2}},"loc":{"start":{"line":12,"column":4},"end":{"line":26,"column":2}},"line":12},"1":{"name":"(anonymous_1)","decl":{"start":{"line":27,"column":24},"end":{"line":27,"column":25}},"loc":{"start":{"line":27,"column":31},"end":{"line":48,"column":2}},"line":27},"2":{"name":"(anonymous_2)","decl":{"start":{"line":41,"column":10},"end":{"line":41,"column":11}},"loc":{"start":{"line":41,"column":19},"end":{"line":41,"column":40}},"line":41},"3":{"name":"(anonymous_3)","decl":{"start":{"line":42,"column":9},"end":{"line":42,"column":10}},"loc":{"start":{"line":42,"column":15},"end":{"line":47,"column":4}},"line":42},"4":{"name":"(anonymous_4)","decl":{"start":{"line":50,"column":21},"end":{"line":50,"column":22}},"loc":{"start":{"line":50,"column":28},"end":{"line":75,"column":2}},"line":50},"5":{"name":"(anonymous_5)","decl":{"start":{"line":64,"column":10},"end":{"line":64,"column":11}},"loc":{"start":{"line":64,"column":19},"end":{"line":68,"column":4}},"line":64},"6":{"name":"(anonymous_6)","decl":{"start":{"line":69,"column":9},"end":{"line":69,"column":10}},"loc":{"start":{"line":69,"column":15},"end":{"line":74,"column":4}},"line":69},"7":{"name":"(anonymous_7)","decl":{"start":{"line":78,"column":9},"end":{"line":78,"column":10}},"loc":{"start":{"line":78,"column":19},"end":{"line":93,"column":2}},"line":78},"8":{"name":"(anonymous_8)","decl":{"start":{"line":87,"column":10},"end":{"line":87,"column":11}},"loc":{"start":{"line":87,"column":23},"end":{"line":89,"column":5}},"line":87},"9":{"name":"(anonymous_9)","decl":{"start":{"line":96,"column":14},"end":{"line":96,"column":15}},"loc":{"start":{"line":96,"column":24},"end":{"line":115,"column":2}},"line":96},"10":{"name":"(anonymous_10)","decl":{"start":{"line":108,"column":10},"end":{"line":108,"column":11}},"loc":{"start":{"line":108,"column":16},"end":{"line":111,"column":5}},"line":108}},"branchMap":{"0":{"loc":{"start":{"line":79,"column":2},"end":{"line":92,"column":3}},"type":"if","locations":[{"start":{"line":79,"column":2},"end":{"line":92,"column":3}},{"start":{"line":90,"column":9},"end":{"line":92,"column":3}}],"line":79},"1":{"loc":{"start":{"line":97,"column":2},"end":{"line":114,"column":3}},"type":"if","locations":[{"start":{"line":97,"column":2},"end":{"line":114,"column":3}},{"start":{"line":112,"column":9},"end":{"line":114,"column":3}}],"line":97}},"s":{"0":4,"1":6,"2":6,"3":6,"4":6,"5":6,"6":6,"7":6,"8":6,"9":6,"10":6,"11":2,"12":2,"13":2,"14":2,"15":0,"16":2,"17":2,"18":2,"19":2,"20":6,"21":2,"22":2,"23":2,"24":2,"25":0,"26":0,"27":0,"28":2,"29":2,"30":2,"31":2,"32":6,"33":0,"34":0,"35":0,"36":0,"37":6,"38":0,"39":0,"40":0,"41":0,"42":0},"f":{"0":6,"1":2,"2":0,"3":2,"4":2,"5":0,"6":2,"7":0,"8":0,"9":0,"10":0},"b":{"0":[0,0],"1":[0,0]},"_coverageSchema":"1a1c01bbd47fc00a2c39e90264f33305004495a9","hash":"9746f5f04575332fc944c77d36381c469888c218"}
,"/Users/phamthikhanhnhi/Desktop/Project9-billapp/Billed-app-FR-Front/src/containers/Logout.js": {"path":"/Users/phamthikhanhnhi/Desktop/Project9-billapp/Billed-app-FR-Front/src/containers/Logout.js","statementMap":{"0":{"start":{"line":5,"column":4},"end":{"line":5,"column":28}},"1":{"start":{"line":6,"column":4},"end":{"line":6,"column":32}},"2":{"start":{"line":7,"column":4},"end":{"line":7,"column":36}},"3":{"start":{"line":8,"column":4},"end":{"line":8,"column":51}},"4":{"start":{"line":11,"column":16},"end":{"line":14,"column":3}},"5":{"start":{"line":12,"column":4},"end":{"line":12,"column":29}},"6":{"start":{"line":13,"column":4},"end":{"line":13,"column":41}}},"fnMap":{"0":{"name":"(anonymous_0)","decl":{"start":{"line":4,"column":2},"end":{"line":4,"column":3}},"loc":{"start":{"line":4,"column":54},"end":{"line":9,"column":3}},"line":4},"1":{"name":"(anonymous_1)","decl":{"start":{"line":11,"column":16},"end":{"line":11,"column":17}},"loc":{"start":{"line":11,"column":23},"end":{"line":14,"column":3}},"line":11}},"branchMap":{},"s":{"0":32,"1":32,"2":32,"3":32,"4":32,"5":0,"6":0},"f":{"0":32,"1":0},"b":{},"_coverageSchema":"1a1c01bbd47fc00a2c39e90264f33305004495a9","hash":"01485b8a6bdccb87745b0ec82639491707a690c9"}
,"/Users/phamthikhanhnhi/Desktop/Project9-billapp/Billed-app-FR-Front/src/containers/NewBill.js": {"path":"/Users/phamthikhanhnhi/Desktop/Project9-billapp/Billed-app-FR-Front/src/containers/NewBill.js","statementMap":{"0":{"start":{"line":6,"column":2},"end":{"line":6,"column":27}},"1":{"start":{"line":7,"column":2},"end":{"line":7,"column":31}},"2":{"start":{"line":8,"column":2},"end":{"line":8,"column":21}},"3":{"start":{"line":9,"column":22},"end":{"line":11,"column":3}},"4":{"start":{"line":12,"column":2},"end":{"line":12,"column":60}},"5":{"start":{"line":14,"column":20},"end":{"line":16,"column":3}},"6":{"start":{"line":17,"column":2},"end":{"line":17,"column":63}},"7":{"start":{"line":18,"column":2},"end":{"line":18,"column":22}},"8":{"start":{"line":19,"column":2},"end":{"line":19,"column":23}},"9":{"start":{"line":20,"column":2},"end":{"line":20,"column":21}},"10":{"start":{"line":21,"column":2},"end":{"line":21,"column":53}},"11":{"start":{"line":24,"column":21},"end":{"line":58,"column":2}},"12":{"start":{"line":25,"column":2},"end":{"line":25,"column":23}},"13":{"start":{"line":26,"column":2},"end":{"line":26,"column":21}},"14":{"start":{"line":27,"column":15},"end":{"line":29,"column":12}},"15":{"start":{"line":30,"column":24},"end":{"line":30,"column":46}},"16":{"start":{"line":31,"column":2},"end":{"line":32,"column":53}},"17":{"start":{"line":32,"column":3},"end":{"line":32,"column":53}},"18":{"start":{"line":33,"column":19},"end":{"line":33,"column":46}},"19":{"start":{"line":34,"column":19},"end":{"line":34,"column":48}},"20":{"start":{"line":35,"column":19},"end":{"line":35,"column":33}},"21":{"start":{"line":36,"column":2},"end":{"line":36,"column":32}},"22":{"start":{"line":37,"column":2},"end":{"line":40,"column":4}},"23":{"start":{"line":59,"column":16},"end":{"line":88,"column":2}},"24":{"start":{"line":60,"column":2},"end":{"line":60,"column":21}},"25":{"start":{"line":62,"column":16},"end":{"line":62,"column":62}},"26":{"start":{"line":63,"column":15},"end":{"line":85,"column":3}},"27":{"start":{"line":86,"column":2},"end":{"line":86,"column":24}},"28":{"start":{"line":87,"column":2},"end":{"line":87,"column":40}}},"fnMap":{"0":{"name":"(anonymous_0)","decl":{"start":{"line":5,"column":1},"end":{"line":5,"column":2}},"loc":{"start":{"line":5,"column":60},"end":{"line":22,"column":2}},"line":5},"1":{"name":"(anonymous_1)","decl":{"start":{"line":24,"column":21},"end":{"line":24,"column":22}},"loc":{"start":{"line":24,"column":28},"end":{"line":58,"column":2}},"line":24},"2":{"name":"(anonymous_2)","decl":{"start":{"line":59,"column":16},"end":{"line":59,"column":17}},"loc":{"start":{"line":59,"column":23},"end":{"line":88,"column":2}},"line":59}},"branchMap":{"0":{"loc":{"start":{"line":31,"column":2},"end":{"line":32,"column":53}},"type":"if","locations":[{"start":{"line":31,"column":2},"end":{"line":32,"column":53}},{"start":{},"end":{}}],"line":31},"1":{"loc":{"start":{"line":76,"column":4},"end":{"line":78,"column":11}},"type":"binary-expr","locations":[{"start":{"line":76,"column":4},"end":{"line":78,"column":5}},{"start":{"line":78,"column":9},"end":{"line":78,"column":11}}],"line":76}},"s":{"0":6,"1":6,"2":6,"3":6,"4":6,"5":6,"6":6,"7":6,"8":6,"9":6,"10":6,"11":6,"12":2,"13":2,"14":2,"15":2,"16":2,"17":1,"18":1,"19":1,"20":1,"21":1,"22":1,"23":6,"24":1,"25":1,"26":1,"27":1,"28":1},"f":{"0":6,"1":2,"2":1},"b":{"0":[1,1],"1":[1,1]},"_coverageSchema":"1a1c01bbd47fc00a2c39e90264f33305004495a9","hash":"a5e770ffa96a6708c6ee8bad327e4f079b75bc28"}
,"/Users/phamthikhanhnhi/Desktop/Project9-billapp/Billed-app-FR-Front/src/views/Actions.js": {"path":"/Users/phamthikhanhnhi/Desktop/Project9-billapp/Billed-app-FR-Front/src/views/Actions.js","statementMap":{"0":{"start":{"line":5,"column":1},"end":{"line":9,"column":12}}},"fnMap":{"0":{"name":"(anonymous_0)","decl":{"start":{"line":4,"column":15},"end":{"line":4,"column":16}},"loc":{"start":{"line":4,"column":28},"end":{"line":10,"column":1}},"line":4}},"branchMap":{},"s":{"0":6},"f":{"0":6},"b":{},"_coverageSchema":"1a1c01bbd47fc00a2c39e90264f33305004495a9","hash":"55c6ff4fde681d549abafc91139405e696ea5829"}
,"/Users/phamthikhanhnhi/Desktop/Project9-billapp/Billed-app-FR-Front/src/views/BillsUI.js": {"path":"/Users/phamthikhanhnhi/Desktop/Project9-billapp/Billed-app-FR-Front/src/views/BillsUI.js","statementMap":{"0":{"start":{"line":7,"column":12},"end":{"line":20,"column":1}},"1":{"start":{"line":8,"column":1},"end":{"line":19,"column":6}},"2":{"start":{"line":22,"column":13},"end":{"line":28,"column":1}},"3":{"start":{"line":23,"column":1},"end":{"line":26,"column":2}},"4":{"start":{"line":24,"column":19},"end":{"line":24,"column":66}},"5":{"start":{"line":24,"column":40},"end":{"line":24,"column":64}},"6":{"start":{"line":25,"column":2},"end":{"line":25,"column":54}},"7":{"start":{"line":25,"column":34},"end":{"line":25,"column":43}},"8":{"start":{"line":27,"column":1},"end":{"line":27,"column":11}},"9":{"start":{"line":31,"column":15},"end":{"line":46,"column":3}},"10":{"start":{"line":31,"column":21},"end":{"line":46,"column":3}},"11":{"start":{"line":48,"column":1},"end":{"line":52,"column":2}},"12":{"start":{"line":49,"column":2},"end":{"line":49,"column":23}},"13":{"start":{"line":50,"column":8},"end":{"line":52,"column":2}},"14":{"start":{"line":51,"column":2},"end":{"line":51,"column":26}},"15":{"start":{"line":54,"column":1},"end":{"line":81,"column":12}}},"fnMap":{"0":{"name":"(anonymous_0)","decl":{"start":{"line":7,"column":12},"end":{"line":7,"column":13}},"loc":{"start":{"line":7,"column":22},"end":{"line":20,"column":1}},"line":7},"1":{"name":"(anonymous_1)","decl":{"start":{"line":22,"column":13},"end":{"line":22,"column":14}},"loc":{"start":{"line":22,"column":23},"end":{"line":28,"column":1}},"line":22},"2":{"name":"(anonymous_2)","decl":{"start":{"line":24,"column":29},"end":{"line":24,"column":30}},"loc":{"start":{"line":24,"column":40},"end":{"line":24,"column":64}},"line":24},"3":{"name":"(anonymous_3)","decl":{"start":{"line":25,"column":24},"end":{"line":25,"column":25}},"loc":{"start":{"line":25,"column":34},"end":{"line":25,"column":43}},"line":25},"4":{"name":"(anonymous_4)","decl":{"start":{"line":30,"column":15},"end":{"line":30,"column":16}},"loc":{"start":{"line":30,"column":52},"end":{"line":82,"column":1}},"line":30},"5":{"name":"(anonymous_5)","decl":{"start":{"line":31,"column":15},"end":{"line":31,"column":16}},"loc":{"start":{"line":31,"column":21},"end":{"line":46,"column":3}},"line":31}},"branchMap":{"0":{"loc":{"start":{"line":23,"column":1},"end":{"line":26,"column":2}},"type":"if","locations":[{"start":{"line":23,"column":1},"end":{"line":26,"column":2}},{"start":{},"end":{}}],"line":23},"1":{"loc":{"start":{"line":23,"column":5},"end":{"line":23,"column":24}},"type":"binary-expr","locations":[{"start":{"line":23,"column":5},"end":{"line":23,"column":9}},{"start":{"line":23,"column":13},"end":{"line":23,"column":24}}],"line":23},"2":{"loc":{"start":{"line":24,"column":40},"end":{"line":24,"column":64}},"type":"cond-expr","locations":[{"start":{"line":24,"column":58},"end":{"line":24,"column":59}},{"start":{"line":24,"column":62},"end":{"line":24,"column":64}}],"line":24},"3":{"loc":{"start":{"line":48,"column":1},"end":{"line":52,"column":2}},"type":"if","locations":[{"start":{"line":48,"column":1},"end":{"line":52,"column":2}},{"start":{"line":50,"column":8},"end":{"line":52,"column":2}}],"line":48},"4":{"loc":{"start":{"line":50,"column":8},"end":{"line":52,"column":2}},"type":"if","locations":[{"start":{"line":50,"column":8},"end":{"line":52,"column":2}},{"start":{},"end":{}}],"line":50}},"s":{"0":6,"1":4,"2":6,"3":5,"4":1,"5":6,"6":1,"7":4,"8":4,"9":24,"10":5,"11":24,"12":10,"13":14,"14":9,"15":5},"f":{"0":4,"1":5,"2":6,"3":4,"4":24,"5":5},"b":{"0":[1,4],"1":[5,2],"2":[3,3],"3":[10,14],"4":[9,5]},"_coverageSchema":"1a1c01bbd47fc00a2c39e90264f33305004495a9","hash":"32f881de320e4ed3c7180a608b14014e715cd6e9"}
,"/Users/phamthikhanhnhi/Desktop/Project9-billapp/Billed-app-FR-Front/src/views/DashboardFormUI.js": {"path":"/Users/phamthikhanhnhi/Desktop/Project9-billapp/Billed-app-FR-Front/src/views/DashboardFormUI.js","statementMap":{"0":{"start":{"line":7,"column":21},"end":{"line":22,"column":3}},"1":{"start":{"line":7,"column":27},"end":{"line":22,"column":3}},"2":{"start":{"line":25,"column":1},"end":{"line":112,"column":4}}},"fnMap":{"0":{"name":"(anonymous_0)","decl":{"start":{"line":7,"column":21},"end":{"line":7,"column":22}},"loc":{"start":{"line":7,"column":27},"end":{"line":22,"column":3}},"line":7},"1":{"name":"(anonymous_1)","decl":{"start":{"line":24,"column":15},"end":{"line":24,"column":16}},"loc":{"start":{"line":24,"column":25},"end":{"line":113,"column":1}},"line":24}},"branchMap":{"0":{"loc":{"start":{"line":83,"column":3},"end":{"line":95,"column":8}},"type":"cond-expr","locations":[{"start":{"line":84,"column":6},"end":{"line":89,"column":8}},{"start":{"line":90,"column":6},"end":{"line":95,"column":8}}],"line":83},"1":{"loc":{"start":{"line":100,"column":3},"end":{"line":107,"column":8}},"type":"cond-expr","locations":[{"start":{"line":101,"column":6},"end":{"line":106,"column":7}},{"start":{"line":107,"column":6},"end":{"line":107,"column":8}}],"line":100}},"s":{"0":7,"1":8,"2":8},"f":{"0":8,"1":8},"b":{"0":[5,3],"1":[5,3]},"_coverageSchema":"1a1c01bbd47fc00a2c39e90264f33305004495a9","hash":"83b692596774c8411fe2213484a227380e4ed1c7"}
,"/Users/phamthikhanhnhi/Desktop/Project9-billapp/Billed-app-FR-Front/src/views/DashboardUI.js": {"path":"/Users/phamthikhanhnhi/Desktop/Project9-billapp/Billed-app-FR-Front/src/views/DashboardUI.js","statementMap":{"0":{"start":{"line":9,"column":1},"end":{"line":13,"column":2}},"1":{"start":{"line":10,"column":2},"end":{"line":10,"column":23}},"2":{"start":{"line":11,"column":8},"end":{"line":13,"column":2}},"3":{"start":{"line":12,"column":2},"end":{"line":12,"column":26}},"4":{"start":{"line":15,"column":1},"end":{"line":52,"column":12}}},"fnMap":{"0":{"name":"(anonymous_0)","decl":{"start":{"line":8,"column":15},"end":{"line":8,"column":16}},"loc":{"start":{"line":8,"column":45},"end":{"line":53,"column":1}},"line":8}},"branchMap":{"0":{"loc":{"start":{"line":9,"column":1},"end":{"line":13,"column":2}},"type":"if","locations":[{"start":{"line":9,"column":1},"end":{"line":13,"column":2}},{"start":{"line":11,"column":8},"end":{"line":13,"column":2}}],"line":9},"1":{"loc":{"start":{"line":11,"column":8},"end":{"line":13,"column":2}},"type":"if","locations":[{"start":{"line":11,"column":8},"end":{"line":13,"column":2}},{"start":{},"end":{}}],"line":11},"2":{"loc":{"start":{"line":22,"column":18},"end":{"line":22,"column":36}},"type":"binary-expr","locations":[{"start":{"line":22,"column":18},"end":{"line":22,"column":22}},{"start":{"line":22,"column":26},"end":{"line":22,"column":36}}],"line":22},"3":{"loc":{"start":{"line":31,"column":19},"end":{"line":31,"column":37}},"type":"binary-expr","locations":[{"start":{"line":31,"column":19},"end":{"line":31,"column":23}},{"start":{"line":31,"column":27},"end":{"line":31,"column":37}}],"line":31},"4":{"loc":{"start":{"line":40,"column":19},"end":{"line":40,"column":37}},"type":"binary-expr","locations":[{"start":{"line":40,"column":19},"end":{"line":40,"column":23}},{"start":{"line":40,"column":27},"end":{"line":40,"column":37}}],"line":40}},"s":{"0":25,"1":8,"2":17,"3":5,"4":12},"f":{"0":25},"b":{"0":[8,17],"1":[5,12],"2":[12,7],"3":[12,7],"4":[12,7]},"_coverageSchema":"1a1c01bbd47fc00a2c39e90264f33305004495a9","hash":"b489d9f10b62c0e9ac01c8b8e00182055acfc94a"}
,"/Users/phamthikhanhnhi/Desktop/Project9-billapp/Billed-app-FR-Front/src/views/ErrorPage.js": {"path":"/Users/phamthikhanhnhi/Desktop/Project9-billapp/Billed-app-FR-Front/src/views/ErrorPage.js","statementMap":{"0":{"start":{"line":4,"column":2},"end":{"line":15,"column":3}}},"fnMap":{"0":{"name":"(anonymous_0)","decl":{"start":{"line":3,"column":15},"end":{"line":3,"column":16}},"loc":{"start":{"line":3,"column":26},"end":{"line":16,"column":1}},"line":3}},"branchMap":{"0":{"loc":{"start":{"line":12,"column":12},"end":{"line":12,"column":30}},"type":"cond-expr","locations":[{"start":{"line":12,"column":20},"end":{"line":12,"column":25}},{"start":{"line":12,"column":28},"end":{"line":12,"column":30}}],"line":12}},"s":{"0":18},"f":{"0":18},"b":{"0":[17,1]},"_coverageSchema":"1a1c01bbd47fc00a2c39e90264f33305004495a9","hash":"823e899f9ceb3bea7f60d3f0268894829b7c52a1"}
,"/Users/phamthikhanhnhi/Desktop/Project9-billapp/Billed-app-FR-Front/src/views/LoadingPage.js": {"path":"/Users/phamthikhanhnhi/Desktop/Project9-billapp/Billed-app-FR-Front/src/views/LoadingPage.js","statementMap":{"0":{"start":{"line":5,"column":2},"end":{"line":12,"column":3}}},"fnMap":{"0":{"name":"(anonymous_0)","decl":{"start":{"line":3,"column":15},"end":{"line":3,"column":16}},"loc":{"start":{"line":3,"column":21},"end":{"line":13,"column":1}},"line":3}},"branchMap":{},"s":{"0":19},"f":{"0":19},"b":{},"_coverageSchema":"1a1c01bbd47fc00a2c39e90264f33305004495a9","hash":"5b1aa08a9227498212f7f8d33855d103c5aed0e4"}
,"/Users/phamthikhanhnhi/Desktop/Project9-billapp/Billed-app-FR-Front/src/views/LoginUI.js": {"path":"/Users/phamthikhanhnhi/Desktop/Project9-billapp/Billed-app-FR-Front/src/views/LoginUI.js","statementMap":{"0":{"start":{"line":4,"column":2},"end":{"line":46,"column":4}}},"fnMap":{"0":{"name":"(anonymous_0)","decl":{"start":{"line":2,"column":15},"end":{"line":2,"column":16}},"loc":{"start":{"line":2,"column":21},"end":{"line":47,"column":1}},"line":2}},"branchMap":{},"s":{"0":20},"f":{"0":20},"b":{},"_coverageSchema":"1a1c01bbd47fc00a2c39e90264f33305004495a9","hash":"40a4102741d77190c44f48e709481c9e658b0660"}
,"/Users/phamthikhanhnhi/Desktop/Project9-billapp/Billed-app-FR-Front/src/views/NewBillUI.js": {"path":"/Users/phamthikhanhnhi/Desktop/Project9-billapp/Billed-app-FR-Front/src/views/NewBillUI.js","statementMap":{"0":{"start":{"line":4,"column":1},"end":{"line":72,"column":4}}},"fnMap":{"0":{"name":"(anonymous_0)","decl":{"start":{"line":3,"column":15},"end":{"line":3,"column":16}},"loc":{"start":{"line":3,"column":21},"end":{"line":73,"column":1}},"line":3}},"branchMap":{},"s":{"0":8},"f":{"0":8},"b":{},"_coverageSchema":"1a1c01bbd47fc00a2c39e90264f33305004495a9","hash":"d7632131205872996869ccbc0d8f9d0262d31bb9"}
,"/Users/phamthikhanhnhi/Desktop/Project9-billapp/Billed-app-FR-Front/src/views/VerticalLayout.js": {"path":"/Users/phamthikhanhnhi/Desktop/Project9-billapp/Billed-app-FR-Front/src/views/VerticalLayout.js","statementMap":{"0":{"start":{"line":7,"column":4},"end":{"line":7,"column":51}},"1":{"start":{"line":8,"column":4},"end":{"line":10,"column":5}},"2":{"start":{"line":9,"column":6},"end":{"line":9,"column":29}},"3":{"start":{"line":11,"column":4},"end":{"line":39,"column":5}},"4":{"start":{"line":12,"column":6},"end":{"line":27,"column":7}},"5":{"start":{"line":29,"column":6},"end":{"line":38,"column":7}}},"fnMap":{"0":{"name":"(anonymous_0)","decl":{"start":{"line":5,"column":15},"end":{"line":5,"column":16}},"loc":{"start":{"line":5,"column":27},"end":{"line":40,"column":1}},"line":5}},"branchMap":{"0":{"loc":{"start":{"line":8,"column":4},"end":{"line":10,"column":5}},"type":"if","locations":[{"start":{"line":8,"column":4},"end":{"line":10,"column":5}},{"start":{},"end":{}}],"line":8},"1":{"loc":{"start":{"line":11,"column":4},"end":{"line":39,"column":5}},"type":"if","locations":[{"start":{"line":11,"column":4},"end":{"line":39,"column":5}},{"start":{"line":28,"column":11},"end":{"line":39,"column":5}}],"line":11},"2":{"loc":{"start":{"line":11,"column":8},"end":{"line":11,"column":40}},"type":"binary-expr","locations":[{"start":{"line":11,"column":8},"end":{"line":11,"column":12}},{"start":{"line":11,"column":16},"end":{"line":11,"column":40}}],"line":11}},"s":{"0":63,"1":63,"2":51,"3":63,"4":35,"5":28},"f":{"0":63},"b":{"0":[51,12],"1":[35,28],"2":[63,51]},"_coverageSchema":"1a1c01bbd47fc00a2c39e90264f33305004495a9","hash":"8c41602bbf18474ad320ea1279d9f10a30dbf920"}
}
