TN:
SF:src/constants/routes.js
FN:13,(anonymous_0)
FNF:1
FNH:1
FNDA:56,(anonymous_0)
DA:6,6
DA:13,6
DA:14,56
DA:16,14
DA:18,20
DA:20,5
DA:22,16
DA:24,1
LF:8
LH:8
BRDA:14,0,0,14
BRDA:14,0,1,20
BRDA:14,0,2,5
BRDA:14,0,3,16
BRDA:14,0,4,1
BRF:5
BRH:5
end_of_record
TN:
SF:src/constants/usersTest.js
FNF:0
FNH:0
LF:0
LH:0
BRF:0
BRH:0
end_of_record
TN:
SF:src/containers/Bills.js
FN:6,(anonymous_0)
FN:22,(anonymous_1)
FN:23,(anonymous_2)
FN:30,(anonymous_3)
FN:34,(anonymous_4)
FNF:5
FNH:5
FNDA:13,(anonymous_0)
FNDA:20,(anonymous_1)
FNDA:1,(anonymous_2)
FNDA:1,(anonymous_3)
FNDA:1,(anonymous_4)
DA:7,13
DA:8,13
DA:9,13
DA:11,13
DA:15,13
DA:16,10
DA:17,13
DA:21,13
DA:22,13
DA:23,20
DA:24,1
DA:27,13
DA:30,13
DA:31,1
DA:34,13
DA:35,1
DA:36,1
DA:37,1
DA:42,1
DA:43,0
LF:20
LH:19
BRDA:15,0,0,10
BRDA:15,0,1,3
BRDA:21,1,0,13
BRDA:21,1,1,0
BRDA:42,2,0,0
BRDA:42,2,1,1
BRF:6
BRH:4
end_of_record
TN:
SF:src/containers/Dashboard.js
FN:8,(anonymous_0)
FN:10,(anonymous_1)
FN:31,(anonymous_2)
FN:58,(anonymous_3)
FN:60,(anonymous_4)
FN:64,(anonymous_5)
FN:76,(anonymous_6)
FN:82,(anonymous_7)
FN:83,(anonymous_8)
FN:84,(anonymous_9)
FN:88,(anonymous_10)
FN:100,(anonymous_11)
FN:108,(anonymous_12)
FN:125,(anonymous_13)
FN:126,(anonymous_14)
FN:129,(anonymous_15)
FN:139,(anonymous_16)
FN:149,(anonymous_17)
FN:167,(anonymous_18)
FN:170,(anonymous_19)
FN:171,(anonymous_20)
FN:179,(anonymous_21)
FN:184,(anonymous_22)
FN:185,(anonymous_23)
FN:193,(anonymous_24)
FNF:25
FNH:19
FNDA:44,(anonymous_0)
FNDA:104,(anonymous_1)
FNDA:6,(anonymous_2)
FNDA:6,(anonymous_3)
FNDA:6,(anonymous_4)
FNDA:5,(anonymous_5)
FNDA:15,(anonymous_6)
FNDA:0,(anonymous_7)
FNDA:0,(anonymous_8)
FNDA:0,(anonymous_9)
FNDA:0,(anonymous_10)
FNDA:2,(anonymous_11)
FNDA:4,(anonymous_12)
FNDA:0,(anonymous_13)
FNDA:0,(anonymous_14)
FNDA:1,(anonymous_15)
FNDA:1,(anonymous_16)
FNDA:5,(anonymous_17)
FNDA:20,(anonymous_18)
FNDA:20,(anonymous_19)
FNDA:2,(anonymous_20)
FNDA:7,(anonymous_21)
FNDA:3,(anonymous_22)
FNDA:12,(anonymous_23)
FNDA:4,(anonymous_24)
DA:8,6
DA:9,44
DA:13,104
DA:14,104
DA:21,0
DA:26,104
DA:31,6
DA:32,6
DA:33,6
DA:36,6
DA:40,6
DA:58,6
DA:59,6
DA:60,6
DA:64,6
DA:65,5
DA:67,3
DA:69,1
DA:71,1
DA:77,15
DA:78,15
DA:79,15
DA:80,15
DA:81,15
DA:82,15
DA:83,15
DA:84,15
DA:85,15
DA:88,15
DA:89,0
DA:90,0
DA:91,0
DA:96,0
DA:97,0
DA:101,2
DA:102,1
DA:103,2
DA:104,1
DA:107,2
DA:108,1
DA:109,4
DA:111,1
DA:112,1
DA:113,1
DA:115,1
DA:117,1
DA:120,1
DA:122,2
DA:124,2
DA:125,2
DA:126,2
DA:129,15
DA:130,1
DA:135,1
DA:136,1
DA:139,15
DA:140,1
DA:145,1
DA:146,1
DA:150,5
DA:151,5
DA:154,5
DA:155,5
DA:156,5
DA:157,5
DA:158,5
DA:161,5
DA:163,0
DA:164,0
DA:165,0
DA:167,5
DA:168,20
DA:170,5
DA:171,20
DA:172,2
DA:176,5
DA:179,15
DA:180,7
DA:181,7
DA:185,12
DA:191,3
DA:194,4
LF:82
LH:73
BRDA:9,0,0,26
BRDA:9,0,1,18
BRDA:9,1,0,44
BRDA:9,1,1,26
BRDA:13,2,0,104
BRDA:13,2,1,0
BRDA:22,3,0,0
BRDA:22,3,1,0
BRDA:33,4,0,0
BRDA:33,4,1,6
BRDA:36,5,0,0
BRDA:36,5,1,6
BRDA:59,6,0,5
BRDA:59,6,1,1
BRDA:59,7,0,6
BRDA:59,7,1,6
BRDA:65,8,0,3
BRDA:65,8,1,1
BRDA:65,8,2,1
BRDA:96,9,0,0
BRDA:96,9,1,0
BRDA:101,10,0,1
BRDA:101,10,1,1
BRDA:101,11,0,2
BRDA:101,11,1,2
BRDA:103,12,0,1
BRDA:103,12,1,1
BRDA:103,13,0,2
BRDA:103,13,1,1
BRDA:107,14,0,1
BRDA:107,14,1,1
BRDA:150,15,0,5
BRDA:150,15,1,0
BRDA:150,16,0,5
BRDA:150,16,1,5
BRDA:154,17,0,5
BRDA:154,17,1,0
BRDA:154,18,0,5
BRDA:154,18,1,2
BRDA:156,19,0,5
BRDA:156,19,1,0
BRDA:180,20,0,7
BRDA:180,20,1,0
BRF:43
BRH:32
end_of_record
TN:
SF:src/containers/Login.js
FN:122,(anonymous_0)
FN:143,(anonymous_1)
FN:157,(anonymous_2)
FN:158,(anonymous_3)
FN:166,(anonymous_4)
FN:180,(anonymous_5)
FN:185,(anonymous_6)
FN:194,(anonymous_7)
FN:203,(anonymous_8)
FN:212,(anonymous_9)
FN:224,(anonymous_10)
FNF:11
FNH:5
FNDA:5,(anonymous_0)
FNDA:2,(anonymous_1)
FNDA:0,(anonymous_2)
FNDA:2,(anonymous_3)
FNDA:2,(anonymous_4)
FNDA:0,(anonymous_5)
FNDA:2,(anonymous_6)
FNDA:0,(anonymous_7)
FNDA:0,(anonymous_8)
FNDA:0,(anonymous_9)
FNDA:0,(anonymous_10)
DA:118,4
DA:129,5
DA:130,5
DA:131,5
DA:132,5
DA:133,5
DA:134,5
DA:137,5
DA:138,5
DA:141,5
DA:143,5
DA:144,2
DA:145,2
DA:155,2
DA:156,2
DA:157,0
DA:159,2
DA:160,2
DA:161,2
DA:162,2
DA:166,5
DA:167,2
DA:168,2
DA:178,2
DA:179,2
DA:181,0
DA:182,0
DA:183,0
DA:186,2
DA:187,2
DA:188,2
DA:189,2
DA:194,5
DA:195,0
DA:196,0
DA:204,0
DA:207,0
DA:212,5
DA:213,0
DA:214,0
DA:225,0
DA:226,0
DA:229,0
LF:43
LH:30
BRDA:195,0,0,0
BRDA:195,0,1,0
BRDA:213,1,0,0
BRDA:213,1,1,0
BRF:4
BRH:0
end_of_record
TN:
SF:src/containers/Logout.js
FN:4,(anonymous_0)
FN:11,(anonymous_1)
FNF:2
FNH:2
FNDA:36,(anonymous_0)
FNDA:2,(anonymous_1)
DA:5,36
DA:6,36
DA:7,36
DA:8,36
DA:11,36
DA:12,2
DA:13,2
LF:7
LH:7
BRF:0
BRH:0
end_of_record
TN:
SF:src/containers/NewBill.js
FN:5,(anonymous_0)
FN:24,(anonymous_1)
FN:61,(anonymous_2)
FNF:3
FNH:3
FNDA:7,(anonymous_0)
FNDA:2,(anonymous_1)
FNDA:1,(anonymous_2)
DA:6,7
DA:7,7
DA:8,7
DA:9,7
DA:12,7
DA:14,7
DA:17,7
DA:18,7
DA:19,7
DA:20,7
DA:21,7
DA:24,7
DA:25,2
DA:26,2
DA:29,2
DA:30,2
DA:31,1
DA:32,1
DA:33,1
DA:34,1
DA:35,1
DA:36,1
DA:61,7
DA:62,1
DA:64,1
DA:65,1
DA:88,1
DA:89,1
LF:28
LH:28
BRDA:30,0,0,1
BRDA:30,0,1,1
BRDA:78,1,0,1
BRDA:78,1,1,1
BRF:4
BRH:4
end_of_record
TN:
SF:src/views/Actions.js
FN:4,(anonymous_0)
FNF:1
FNH:1
FNDA:18,(anonymous_0)
DA:5,18
LF:1
LH:1
BRF:0
BRH:0
end_of_record
TN:
SF:src/views/BillsUI.js
FN:7,(anonymous_0)
FN:22,(anonymous_1)
FN:24,(anonymous_2)
FN:25,(anonymous_3)
FN:30,(anonymous_4)
FN:31,(anonymous_5)
FNF:6
FNH:6
FNDA:16,(anonymous_0)
FNDA:8,(anonymous_1)
FNDA:24,(anonymous_2)
FNDA:16,(anonymous_3)
FNDA:24,(anonymous_4)
FNDA:8,(anonymous_5)
DA:7,6
DA:8,16
DA:22,6
DA:23,8
DA:24,24
DA:25,16
DA:27,4
DA:31,24
DA:48,24
DA:49,10
DA:50,14
DA:51,6
DA:54,8
LF:13
LH:13
BRDA:23,0,0,4
BRDA:23,0,1,4
BRDA:23,1,0,8
BRDA:23,1,1,5
BRDA:24,2,0,12
BRDA:24,2,1,12
BRDA:48,3,0,10
BRDA:48,3,1,14
BRDA:50,4,0,6
BRDA:50,4,1,8
BRF:10
BRH:10
end_of_record
TN:
SF:src/views/DashboardFormUI.js
FN:7,(anonymous_0)
FN:24,(anonymous_1)
FNF:2
FNH:2
FNDA:8,(anonymous_0)
FNDA:8,(anonymous_1)
DA:7,8
DA:25,8
LF:2
LH:2
BRDA:83,0,0,5
BRDA:83,0,1,3
BRDA:100,1,0,5
BRDA:100,1,1,3
BRF:4
BRH:4
end_of_record
TN:
SF:src/views/DashboardUI.js
FN:8,(anonymous_0)
FNF:1
FNH:1
FNDA:25,(anonymous_0)
DA:9,25
DA:10,8
DA:11,17
DA:12,5
DA:15,12
LF:5
LH:5
BRDA:9,0,0,8
BRDA:9,0,1,17
BRDA:11,1,0,5
BRDA:11,1,1,12
BRDA:22,2,0,12
BRDA:22,2,1,7
BRDA:31,3,0,12
BRDA:31,3,1,7
BRDA:40,4,0,12
BRDA:40,4,1,7
BRF:10
BRH:10
end_of_record
TN:
SF:src/views/ErrorPage.js
FN:3,(anonymous_0)
FNF:1
FNH:1
FNDA:15,(anonymous_0)
DA:4,15
LF:1
LH:1
BRDA:12,0,0,14
BRDA:12,0,1,1
BRF:2
BRH:2
end_of_record
TN:
SF:src/views/LoadingPage.js
FN:3,(anonymous_0)
FNF:1
FNH:1
FNDA:19,(anonymous_0)
DA:5,19
LF:1
LH:1
BRF:0
BRH:0
end_of_record
TN:
SF:src/views/LoginUI.js
FN:1,(anonymous_0)
FNF:1
FNH:1
FNDA:21,(anonymous_0)
DA:2,21
LF:1
LH:1
BRF:0
BRH:0
end_of_record
TN:
SF:src/views/NewBillUI.js
FN:3,(anonymous_0)
FNF:1
FNH:1
FNDA:9,(anonymous_0)
DA:4,9
LF:1
LH:1
BRF:0
BRH:0
end_of_record
TN:
SF:src/views/VerticalLayout.js
FN:5,(anonymous_0)
FNF:1
FNH:1
FNDA:64,(anonymous_0)
DA:7,64
DA:8,64
DA:9,52
DA:11,64
DA:12,36
DA:29,28
LF:6
LH:6
BRDA:8,0,0,52
BRDA:8,0,1,12
BRDA:11,1,0,36
BRDA:11,1,1,28
BRDA:11,2,0,64
BRDA:11,2,1,52
BRF:6
BRH:6
end_of_record
